2024/10/28 21:18:51 INFO: Запуск бота...
2024/10/28 21:19:29 INFO: Запуск бота...
2024/10/28 21:19:44 INFO: Команда /start от пользователя Arty_SLV
2024/10/28 21:19:49 INFO: Команда /add от пользователя Arty_SLV
2024/10/28 21:19:57 ERROR: Ошибка парсинга сообщения от Arty_SLV: 200
2024/10/28 21:20:17 ERROR: Ошибка парсинга сообщения от Arty_SLV: <200> <Продукты>
2024/10/28 21:56:32 Ошибка при инициализации бота:open ./configs/button_titles.json: The system cannot find the path specified.
2024/10/28 21:57:03 Ошибка при инициализации бота:open ./configs/button_titles.json: The system cannot find the path specified.
2024/10/28 21:57:16 Ошибка при инициализации бота:open ./configs/button_titles.json: The system cannot find the path specified.
2024/10/28 21:57:28 Ошибка при инициализации бота:open ./configs/button_titles.json: The system cannot find the path specified.
2024/10/28 22:04:27 Ошибка при инициализации бота:open ./configs/button_titles.json: The system cannot find the path specified.
2024/10/28 22:05:00 INFO: Запуск бота...
2024/10/28 22:05:00 INFO: Команда /start от пользователя Arty_SLV
2024/10/28 22:05:00 INFO: Команда /start от пользователя Arty_SLV
2024/10/28 22:05:09 INFO: Команда /start от пользователя Arty_SLV
2024/10/28 22:06:59 INFO: Запуск бота...
2024/10/28 22:07:10 INFO: Команда /start от пользователя Arty_SLV
2024/10/28 22:15:29 INFO: Запуск бота...
2024/10/28 22:15:38 INFO: Команда /start от пользователя Arty_SLV
2024/10/28 22:17:49 INFO: Запуск бота...
2024/10/28 22:17:54 INFO: Команда /start от пользователя Arty_SLV
2024/10/28 22:25:26 INFO: Запуск бота...
2024/10/28 22:25:30 INFO: Команда /start от пользователя Arty_SLV
2024/10/28 22:26:13 INFO: Запуск бота...
2024/10/28 22:26:23 INFO: Команда /start от пользователя Arty_SLV
2024/10/28 22:27:56 INFO: Запуск бота...
2024/10/28 22:28:00 INFO: Команда /start от пользователя Arty_SLV
2024/10/28 22:35:13 INFO:  Запуск бота...
2024/10/28 22:35:18 INFO:  Команда /start от пользователя Arty_SLV
2024/10/28 22:37:12 INFO:  Запуск бота...
2024/10/28 22:37:12 INFO:  Команда /start от пользователя Arty_SLV
2024/10/28 22:39:45 INFO:  Запуск бота...
2024/10/28 22:39:49 INFO:  Команда /start от пользователя Arty_SLV
